<?xml version="1.0" encoding="UTF-8"?>
<!-- Generated by org.testng.reporters.JUnitReportReporter -->
<testsuite skipped="0" hostname="Raj-Mac-mini.local" name="com.google.launchGoogle" tests="1" failures="0" timestamp="18 Oct 2018 10:47:18 GMT" time="6.532" errors="0">
  <testcase name="openbrowser" time="6.532" classname="com.google.launchGoogle"/>
</testsuite> <!-- com.google.launchGoogle -->
